a2026-03-05 21:59:54
{"trx_id":198711,"sid":"63","reference_id":"63","status":"berhasil","status_code":1,"sub_total":"15000","total":"15000","amount":"15000","fee":"105","paid_off":14895,"created_at":"2026-03-05 21:43:32","expired_at":"2026-03-06 21:43:32","paid_at":"2026-03-05 21:44:08","settlement_status":"settled","transaction_status_code":1,"is_escrow":false,"system_notes":"Manual resend via Dashboard","via":"qris","channel":"qris","payment_no":"","buyer_name":"bodrex","buyer_email":"klicknet55@gmail.com","buyer_phone":"6281554077474","additional_info":[],"url":"https://klickerz.my.id/phpnuxbill/?_route=callback/ipaymu"}

2026-03-05 22:15:20
RAW:
{"trx_id":198719,"sid":"64","reference_id":"64","status":"berhasil","status_code":1,"sub_total":"15000","total":"15000","amount":"15000","fee":"105","paid_off":14895,"created_at":"2026-03-05 22:14:48","expired_at":"2026-03-06 22:14:48","paid_at":"2026-03-05 22:15:19","settlement_status":"settled","transaction_status_code":1,"is_escrow":false,"system_notes":"Sandbox notify","via":"qris","channel":"qris","payment_no":"","buyer_name":"bodrex","buyer_email":"klicknet55@gmail.com","buyer_phone":"6281554077474","additional_info":[],"url":"https://klickerz.my.id/phpnuxbill/?_route=callback/ipaymu"}

PARSED:
Array
(
    [trx_id] => 198719
    [sid] => 64
    [reference_id] => 64
    [status] => berhasil
    [status_code] => 1
    [sub_total] => 15000
    [total] => 15000
    [amount] => 15000
    [fee] => 105
    [paid_off] => 14895
    [created_at] => 2026-03-05 22:14:48
    [expired_at] => 2026-03-06 22:14:48
    [paid_at] => 2026-03-05 22:15:19
    [settlement_status] => settled
    [transaction_status_code] => 1
    [is_escrow] => 
    [system_notes] => Sandbox notify
    [via] => qris
    [channel] => qris
    [payment_no] => 
    [buyer_name] => bodrex
    [buyer_email] => klicknet55@gmail.com
    [buyer_phone] => 6281554077474
    [additional_info] => Array
        (
        )

    [url] => https://klickerz.my.id/phpnuxbill/?_route=callback/ipaymu
)


2026-03-05 22:23:04
RAW:
{"trx_id":198722,"sid":"65","reference_id":"65","status":"berhasil","status_code":1,"sub_total":"15000","total":"15000","amount":"15000","fee":"105","paid_off":14895,"created_at":"2026-03-05 22:21:57","expired_at":"2026-03-06 22:21:57","paid_at":"2026-03-05 22:23:04","settlement_status":"settled","transaction_status_code":1,"is_escrow":false,"system_notes":"Sandbox notify","via":"qris","channel":"qris","payment_no":"","buyer_name":"bodrex","buyer_email":"klicknet55@gmail.com","buyer_phone":"6281554077474","additional_info":[],"url":"https://klickerz.my.id/phpnuxbill/?_route=callback/ipaymu"}

PARSED:
Array
(
    [trx_id] => 198722
    [sid] => 65
    [reference_id] => 65
    [status] => berhasil
    [status_code] => 1
    [sub_total] => 15000
    [total] => 15000
    [amount] => 15000
    [fee] => 105
    [paid_off] => 14895
    [created_at] => 2026-03-05 22:21:57
    [expired_at] => 2026-03-06 22:21:57
    [paid_at] => 2026-03-05 22:23:04
    [settlement_status] => settled
    [transaction_status_code] => 1
    [is_escrow] => 
    [system_notes] => Sandbox notify
    [via] => qris
    [channel] => qris
    [payment_no] => 
    [buyer_name] => bodrex
    [buyer_email] => klicknet55@gmail.com
    [buyer_phone] => 6281554077474
    [additional_info] => Array
        (
        )

    [url] => https://klickerz.my.id/phpnuxbill/?_route=callback/ipaymu
)


2026-03-05 22:58:15
RAW:
{"trx_id":198727,"sid":"66","reference_id":"66","status":"berhasil","status_code":1,"sub_total":"15000","total":"15000","amount":"15000","fee":"105","paid_off":14895,"created_at":"2026-03-05 22:44:59","expired_at":"2026-03-06 22:44:59","paid_at":"2026-03-05 22:58:14","settlement_status":"settled","transaction_status_code":1,"is_escrow":false,"system_notes":"Sandbox notify","via":"qris","channel":"qris","payment_no":"","buyer_name":"bodrex","buyer_email":"klicknet55@gmail.com","buyer_phone":"6281554077474","additional_info":[],"url":"https://klickerz.my.id/phpnuxbill/?_route=callback/ipaymu"}

PARSED:
Array
(
    [trx_id] => 198727
    [sid] => 66
    [reference_id] => 66
    [status] => berhasil
    [status_code] => 1
    [sub_total] => 15000
    [total] => 15000
    [amount] => 15000
    [fee] => 105
    [paid_off] => 14895
    [created_at] => 2026-03-05 22:44:59
    [expired_at] => 2026-03-06 22:44:59
    [paid_at] => 2026-03-05 22:58:14
    [settlement_status] => settled
    [transaction_status_code] => 1
    [is_escrow] => 
    [system_notes] => Sandbox notify
    [via] => qris
    [channel] => qris
    [payment_no] => 
    [buyer_name] => bodrex
    [buyer_email] => klicknet55@gmail.com
    [buyer_phone] => 6281554077474
    [additional_info] => Array
        (
        )

    [url] => https://klickerz.my.id/phpnuxbill/?_route=callback/ipaymu
)


2026-03-06 02:30:09
RAW:
{"trx_id":198736,"sid":"68","reference_id":"68","status":"expired","status_code":-2,"sub_total":"15000","total":"15000","amount":"15000","fee":"3500","paid_off":11500,"created_at":"2026-03-05 23:06:11","expired_at":"2026-03-06 01:06:09","paid_at":"","settlement_status":"unsettle","transaction_status_code":-2,"is_escrow":false,"system_notes":"","via":"va","channel":"bri","payment_no":"578893000193027","buyer_name":"bodrex","buyer_email":"klicknet55@gmail.com","buyer_phone":"6281554077474","additional_info":[],"url":"https://klickerz.my.id/phpnuxbill/?_route=callback/ipaymu","va":"578893000193027"}

PARSED:
Array
(
    [trx_id] => 198736
    [sid] => 68
    [reference_id] => 68
    [status] => expired
    [status_code] => -2
    [sub_total] => 15000
    [total] => 15000
    [amount] => 15000
    [fee] => 3500
    [paid_off] => 11500
    [created_at] => 2026-03-05 23:06:11
    [expired_at] => 2026-03-06 01:06:09
    [paid_at] => 
    [settlement_status] => unsettle
    [transaction_status_code] => -2
    [is_escrow] => 
    [system_notes] => 
    [via] => va
    [channel] => bri
    [payment_no] => 578893000193027
    [buyer_name] => bodrex
    [buyer_email] => klicknet55@gmail.com
    [buyer_phone] => 6281554077474
    [additional_info] => Array
        (
        )

    [url] => https://klickerz.my.id/phpnuxbill/?_route=callback/ipaymu
    [va] => 578893000193027
)


2026-03-06 02:33:06
RAW:
{"trx_id":32650941,"sid":"7afe750e-eb3e-474a-9b24-b60feea45044","reference_id":"42","status":"expired","status_code":-2,"sub_total":"15000","total":"15000","amount":"15000","fee":"374","paid_off":14626,"created_at":"2026-03-05 01:31:57","expired_at":"2026-03-06 01:31:56","paid_at":"","settlement_status":"unsettle","transaction_status_code":-2,"is_escrow":false,"system_notes":"","via":"qris","channel":"qris","payment_no":"","buyer_name":"testaa","buyer_email":"user@klickerz.my.id","buyer_phone":"0812355677778","additional_info":[],"url":"https://klickerz.my.id/phpnuxbill/?_route=callback/ipaymu"}

PARSED:
Array
(
    [trx_id] => 32650941
    [sid] => 7afe750e-eb3e-474a-9b24-b60feea45044
    [reference_id] => 42
    [status] => expired
    [status_code] => -2
    [sub_total] => 15000
    [total] => 15000
    [amount] => 15000
    [fee] => 374
    [paid_off] => 14626
    [created_at] => 2026-03-05 01:31:57
    [expired_at] => 2026-03-06 01:31:56
    [paid_at] => 
    [settlement_status] => unsettle
    [transaction_status_code] => -2
    [is_escrow] => 
    [system_notes] => 
    [via] => qris
    [channel] => qris
    [payment_no] => 
    [buyer_name] => testaa
    [buyer_email] => user@klickerz.my.id
    [buyer_phone] => 0812355677778
    [additional_info] => Array
        (
        )

    [url] => https://klickerz.my.id/phpnuxbill/?_route=callback/ipaymu
)


2026-03-06 19:07:52
RAW:
{"trx_id":198891,"sid":"72","reference_id":"72","status":"berhasil","status_code":1,"sub_total":"15000","total":"15000","amount":"15000","fee":"105","paid_off":14895,"created_at":"2026-03-06 19:05:23","expired_at":"2026-03-07 19:05:23","paid_at":"2026-03-06 19:07:51","settlement_status":"settled","transaction_status_code":1,"is_escrow":false,"system_notes":"Sandbox notify","via":"qris","channel":"qris","payment_no":"","buyer_name":"Hariyanto","buyer_email":"denyz8643@gmail.com","buyer_phone":"6281554077474","additional_info":[],"url":"https://klickerz.my.id/phpnuxbill/?_route=callback/ipaymu"}

PARSED:
Array
(
    [trx_id] => 198891
    [sid] => 72
    [reference_id] => 72
    [status] => berhasil
    [status_code] => 1
    [sub_total] => 15000
    [total] => 15000
    [amount] => 15000
    [fee] => 105
    [paid_off] => 14895
    [created_at] => 2026-03-06 19:05:23
    [expired_at] => 2026-03-07 19:05:23
    [paid_at] => 2026-03-06 19:07:51
    [settlement_status] => settled
    [transaction_status_code] => 1
    [is_escrow] => 
    [system_notes] => Sandbox notify
    [via] => qris
    [channel] => qris
    [payment_no] => 
    [buyer_name] => Hariyanto
    [buyer_email] => denyz8643@gmail.com
    [buyer_phone] => 6281554077474
    [additional_info] => Array
        (
        )

    [url] => https://klickerz.my.id/phpnuxbill/?_route=callback/ipaymu
)


2026-03-06 19:11:20
RAW:
{"trx_id":198892,"sid":"73","reference_id":"73","status":"berhasil","status_code":1,"sub_total":"15000","total":"15000","amount":"15000","fee":"4000","paid_off":11000,"created_at":"2026-03-06 19:10:00","expired_at":"2026-03-07 19:09:59","paid_at":"2026-03-06 19:11:19","settlement_status":"settled","transaction_status_code":1,"is_escrow":false,"system_notes":"Sandbox notify","via":"va","channel":"bca","payment_no":"3811800034753650","buyer_name":"Hariyanto","buyer_email":"denyz8643@gmail.com","buyer_phone":"6281554077474","additional_info":[],"url":"https://klickerz.my.id/phpnuxbill/?_route=callback/ipaymu","va":"3811800034753650"}

PARSED:
Array
(
    [trx_id] => 198892
    [sid] => 73
    [reference_id] => 73
    [status] => berhasil
    [status_code] => 1
    [sub_total] => 15000
    [total] => 15000
    [amount] => 15000
    [fee] => 4000
    [paid_off] => 11000
    [created_at] => 2026-03-06 19:10:00
    [expired_at] => 2026-03-07 19:09:59
    [paid_at] => 2026-03-06 19:11:19
    [settlement_status] => settled
    [transaction_status_code] => 1
    [is_escrow] => 
    [system_notes] => Sandbox notify
    [via] => va
    [channel] => bca
    [payment_no] => 3811800034753650
    [buyer_name] => Hariyanto
    [buyer_email] => denyz8643@gmail.com
    [buyer_phone] => 6281554077474
    [additional_info] => Array
        (
        )

    [url] => https://klickerz.my.id/phpnuxbill/?_route=callback/ipaymu
    [va] => 3811800034753650
)


2026-03-06 20:30:23
RAW:


PARSED:


2026-03-07 00:00:04
RAW:
{"trx_id":198730,"sid":"67","reference_id":"67","status":"expired","status_code":-2,"sub_total":"15000","total":"15000","amount":"15000","fee":"105","paid_off":14895,"created_at":"2026-03-05 22:59:10","expired_at":"2026-03-06 22:59:10","paid_at":"","settlement_status":"unsettle","transaction_status_code":-2,"is_escrow":false,"system_notes":"","via":"qris","channel":"qris","payment_no":"","buyer_name":"bodrex","buyer_email":"klicknet55@gmail.com","buyer_phone":"6281554077474","additional_info":[],"url":"https://klickerz.my.id/phpnuxbill/?_route=callback/ipaymu"}

PARSED:
Array
(
    [trx_id] => 198730
    [sid] => 67
    [reference_id] => 67
    [status] => expired
    [status_code] => -2
    [sub_total] => 15000
    [total] => 15000
    [amount] => 15000
    [fee] => 105
    [paid_off] => 14895
    [created_at] => 2026-03-05 22:59:10
    [expired_at] => 2026-03-06 22:59:10
    [paid_at] => 
    [settlement_status] => unsettle
    [transaction_status_code] => -2
    [is_escrow] => 
    [system_notes] => 
    [via] => qris
    [channel] => qris
    [payment_no] => 
    [buyer_name] => bodrex
    [buyer_email] => klicknet55@gmail.com
    [buyer_phone] => 6281554077474
    [additional_info] => Array
        (
        )

    [url] => https://klickerz.my.id/phpnuxbill/?_route=callback/ipaymu
)


2026-03-07 20:30:04
RAW:
{"trx_id":198894,"sid":"74","reference_id":"74","status":"expired","status_code":-2,"sub_total":"15000","total":"15000","amount":"15000","fee":"105","paid_off":14895,"created_at":"2026-03-06 19:15:39","expired_at":"2026-03-07 19:15:39","paid_at":"","settlement_status":"unsettle","transaction_status_code":-2,"is_escrow":false,"system_notes":"","via":"qris","channel":"qris","payment_no":"","buyer_name":"Hariyanto","buyer_email":"denyz8643@gmail.com","buyer_phone":"6281554077474","additional_info":[],"url":"https://klickerz.my.id/phpnuxbill/?_route=callback/ipaymu"}

PARSED:
Array
(
    [trx_id] => 198894
    [sid] => 74
    [reference_id] => 74
    [status] => expired
    [status_code] => -2
    [sub_total] => 15000
    [total] => 15000
    [amount] => 15000
    [fee] => 105
    [paid_off] => 14895
    [created_at] => 2026-03-06 19:15:39
    [expired_at] => 2026-03-07 19:15:39
    [paid_at] => 
    [settlement_status] => unsettle
    [transaction_status_code] => -2
    [is_escrow] => 
    [system_notes] => 
    [via] => qris
    [channel] => qris
    [payment_no] => 
    [buyer_name] => Hariyanto
    [buyer_email] => denyz8643@gmail.com
    [buyer_phone] => 6281554077474
    [additional_info] => Array
        (
        )

    [url] => https://klickerz.my.id/phpnuxbill/?_route=callback/ipaymu
)


2026-03-07 20:30:05
RAW:
{"trx_id":198890,"sid":"71","reference_id":"71","status":"expired","status_code":-2,"sub_total":"15000","total":"15000","amount":"15000","fee":"4000","paid_off":11000,"created_at":"2026-03-06 19:04:38","expired_at":"2026-03-07 19:04:37","paid_at":"","settlement_status":"unsettle","transaction_status_code":-2,"is_escrow":false,"system_notes":"","via":"va","channel":"bca","payment_no":"3811800034410176","buyer_name":"Hariyanto","buyer_email":"denyz8643@gmail.com","buyer_phone":"6281554077474","additional_info":[],"url":"https://klickerz.my.id/phpnuxbill/?_route=callback/ipaymu","va":"3811800034410176"}

PARSED:
Array
(
    [trx_id] => 198890
    [sid] => 71
    [reference_id] => 71
    [status] => expired
    [status_code] => -2
    [sub_total] => 15000
    [total] => 15000
    [amount] => 15000
    [fee] => 4000
    [paid_off] => 11000
    [created_at] => 2026-03-06 19:04:38
    [expired_at] => 2026-03-07 19:04:37
    [paid_at] => 
    [settlement_status] => unsettle
    [transaction_status_code] => -2
    [is_escrow] => 
    [system_notes] => 
    [via] => va
    [channel] => bca
    [payment_no] => 3811800034410176
    [buyer_name] => Hariyanto
    [buyer_email] => denyz8643@gmail.com
    [buyer_phone] => 6281554077474
    [additional_info] => Array
        (
        )

    [url] => https://klickerz.my.id/phpnuxbill/?_route=callback/ipaymu
    [va] => 3811800034410176
)


2026-03-07 22:00:04
RAW:
{"trx_id":198895,"sid":"75","reference_id":"75","status":"expired","status_code":-2,"sub_total":"15000","total":"15000","amount":"15000","fee":"4000","paid_off":11000,"created_at":"2026-03-06 19:36:27","expired_at":"2026-03-07 19:36:27","paid_at":"","settlement_status":"unsettle","transaction_status_code":-2,"is_escrow":false,"system_notes":"","via":"va","channel":"bca","payment_no":"3811800034485581","buyer_name":"Hariyanto","buyer_email":"denyz8643@gmail.com","buyer_phone":"6281554077474","additional_info":[],"url":"https://klickerz.my.id/phpnuxbill/?_route=callback/ipaymu","va":"3811800034485581"}

PARSED:
Array
(
    [trx_id] => 198895
    [sid] => 75
    [reference_id] => 75
    [status] => expired
    [status_code] => -2
    [sub_total] => 15000
    [total] => 15000
    [amount] => 15000
    [fee] => 4000
    [paid_off] => 11000
    [created_at] => 2026-03-06 19:36:27
    [expired_at] => 2026-03-07 19:36:27
    [paid_at] => 
    [settlement_status] => unsettle
    [transaction_status_code] => -2
    [is_escrow] => 
    [system_notes] => 
    [via] => va
    [channel] => bca
    [payment_no] => 3811800034485581
    [buyer_name] => Hariyanto
    [buyer_email] => denyz8643@gmail.com
    [buyer_phone] => 6281554077474
    [additional_info] => Array
        (
        )

    [url] => https://klickerz.my.id/phpnuxbill/?_route=callback/ipaymu
    [va] => 3811800034485581
)


2026-03-08 00:06:03
RAW:
{"trx_id":32768480,"sid":"95","reference_id":"95","status":"expired","status_code":-2,"sub_total":"150000","total":"153500","amount":"153500","fee":"3500","paid_off":150000,"created_at":"2026-03-07 20:12:01","expired_at":"2026-03-07 22:12:00","paid_at":"","settlement_status":"unsettle","transaction_status_code":-2,"is_escrow":false,"system_notes":"","via":"va","channel":"bri","payment_no":"57889300018515456","buyer_name":"HASAN","buyer_email":"hasan@biling.klickerz.my.id","buyer_phone":"085851927347","additional_info":[],"url":"https://billing.klickerz.my.id/?_route=callback/ipaymu","va":"57889300018515456"}

PARSED:
Array
(
    [trx_id] => 32768480
    [sid] => 95
    [reference_id] => 95
    [status] => expired
    [status_code] => -2
    [sub_total] => 150000
    [total] => 153500
    [amount] => 153500
    [fee] => 3500
    [paid_off] => 150000
    [created_at] => 2026-03-07 20:12:01
    [expired_at] => 2026-03-07 22:12:00
    [paid_at] => 
    [settlement_status] => unsettle
    [transaction_status_code] => -2
    [is_escrow] => 
    [system_notes] => 
    [via] => va
    [channel] => bri
    [payment_no] => 57889300018515456
    [buyer_name] => HASAN
    [buyer_email] => hasan@biling.klickerz.my.id
    [buyer_phone] => 085851927347
    [additional_info] => Array
        (
        )

    [url] => https://billing.klickerz.my.id/?_route=callback/ipaymu
    [va] => 57889300018515456
)


2026-03-08 00:45:03
RAW:
{"trx_id":32738420,"sid":"82","reference_id":"82","status":"expired","status_code":-2,"sub_total":"150000","total":"151050","amount":"151050","fee":"1050","paid_off":150000,"created_at":"2026-03-06 23:44:54","expired_at":"2026-03-07 23:44:54","paid_at":"","settlement_status":"unsettle","transaction_status_code":-2,"is_escrow":false,"system_notes":"","via":"qris","channel":"qris","payment_no":"","buyer_name":"Hariyanto","buyer_email":"admin@klickerz.my.id","buyer_phone":"085707740104","additional_info":[],"url":"https://billing.klickerz.my.id/?_route=callback/ipaymu"}

PARSED:
Array
(
    [trx_id] => 32738420
    [sid] => 82
    [reference_id] => 82
    [status] => expired
    [status_code] => -2
    [sub_total] => 150000
    [total] => 151050
    [amount] => 151050
    [fee] => 1050
    [paid_off] => 150000
    [created_at] => 2026-03-06 23:44:54
    [expired_at] => 2026-03-07 23:44:54
    [paid_at] => 
    [settlement_status] => unsettle
    [transaction_status_code] => -2
    [is_escrow] => 
    [system_notes] => 
    [via] => qris
    [channel] => qris
    [payment_no] => 
    [buyer_name] => Hariyanto
    [buyer_email] => admin@klickerz.my.id
    [buyer_phone] => 085707740104
    [additional_info] => Array
        (
        )

    [url] => https://billing.klickerz.my.id/?_route=callback/ipaymu
)


2026-03-09 09:25:35
RAW:


PARSED:


2026-03-09 09:33:01
RAW:


PARSED:


2026-03-09 09:52:34
RAW:


PARSED:


2026-03-09 09:53:54
RAW:
{"trx_id":32651903,"sid":"61","reference_id":"61","status":"berhasil","status_code":1,"sub_total":15000,"total":"15105","amount":"15105","fee":"105","paid_off":15000,"created_at":"2026-03-05 04:56:09","expired_at":"2026-03-05 05:01:08","paid_at":"2026-03-05 04:56:24","settlement_status":"settled","transaction_status_code":1,"is_escrow":false,"system_notes":"Manual resend via Dashboard","via":"qris","channel":"qris","payment_no":"","buyer_name":"bodrex","buyer_email":"klicknet55@gmail.com","buyer_phone":"6281554077474","additional_info":[],"url":"https://klickerz.my.id/phpnuxbill/?_route=callback/ipaymu"}

PARSED:
Array
(
    [trx_id] => 32651903
    [sid] => 61
    [reference_id] => 61
    [status] => berhasil
    [status_code] => 1
    [sub_total] => 15000
    [total] => 15105
    [amount] => 15105
    [fee] => 105
    [paid_off] => 15000
    [created_at] => 2026-03-05 04:56:09
    [expired_at] => 2026-03-05 05:01:08
    [paid_at] => 2026-03-05 04:56:24
    [settlement_status] => settled
    [transaction_status_code] => 1
    [is_escrow] => 
    [system_notes] => Manual resend via Dashboard
    [via] => qris
    [channel] => qris
    [payment_no] => 
    [buyer_name] => bodrex
    [buyer_email] => klicknet55@gmail.com
    [buyer_phone] => 6281554077474
    [additional_info] => Array
        (
        )

    [url] => https://klickerz.my.id/phpnuxbill/?_route=callback/ipaymu
)


2026-03-10 15:30:04
RAW:
{"trx_id":32830493,"sid":"99","reference_id":"99","status":"expired","status_code":-2,"sub_total":"150000","total":"154500","amount":"154500","fee":"4500","paid_off":150000,"created_at":"2026-03-09 14:28:34","expired_at":"2026-03-10 14:28:33","paid_at":"","settlement_status":"unsettle","transaction_status_code":-2,"is_escrow":false,"system_notes":"","via":"va","channel":"bca","payment_no":"3811800087553598","buyer_name":"FIRMAN","buyer_email":"firman@billing.klickerz.my.id","buyer_phone":"085739228005","additional_info":[],"url":"https://billing.klickerz.my.id/?_route=callback/ipaymu","va":"3811800087553598"}

PARSED:
Array
(
    [trx_id] => 32830493
    [sid] => 99
    [reference_id] => 99
    [status] => expired
    [status_code] => -2
    [sub_total] => 150000
    [total] => 154500
    [amount] => 154500
    [fee] => 4500
    [paid_off] => 150000
    [created_at] => 2026-03-09 14:28:34
    [expired_at] => 2026-03-10 14:28:33
    [paid_at] => 
    [settlement_status] => unsettle
    [transaction_status_code] => -2
    [is_escrow] => 
    [system_notes] => 
    [via] => va
    [channel] => bca
    [payment_no] => 3811800087553598
    [buyer_name] => FIRMAN
    [buyer_email] => firman@billing.klickerz.my.id
    [buyer_phone] => 085739228005
    [additional_info] => Array
        (
        )

    [url] => https://billing.klickerz.my.id/?_route=callback/ipaymu
    [va] => 3811800087553598
)


2026-03-11 10:03:05
RAW:
{"trx_id":32864690,"sid":"101","reference_id":"101","status":"expired","status_code":-2,"sub_total":"150000","total":"151050","amount":"151050","fee":"1050","paid_off":150000,"created_at":"2026-03-10 09:02:14","expired_at":"2026-03-11 09:02:13","paid_at":"","settlement_status":"unsettle","transaction_status_code":-2,"is_escrow":false,"system_notes":"","via":"qris","channel":"qris","payment_no":"","buyer_name":"FIRMAN","buyer_email":"firman@billing.klickerz.my.id","buyer_phone":"085739228005","additional_info":[],"url":"https://billing.klickerz.my.id/?_route=callback/ipaymu"}

PARSED:
Array
(
    [trx_id] => 32864690
    [sid] => 101
    [reference_id] => 101
    [status] => expired
    [status_code] => -2
    [sub_total] => 150000
    [total] => 151050
    [amount] => 151050
    [fee] => 1050
    [paid_off] => 150000
    [created_at] => 2026-03-10 09:02:14
    [expired_at] => 2026-03-11 09:02:13
    [paid_at] => 
    [settlement_status] => unsettle
    [transaction_status_code] => -2
    [is_escrow] => 
    [system_notes] => 
    [via] => qris
    [channel] => qris
    [payment_no] => 
    [buyer_name] => FIRMAN
    [buyer_email] => firman@billing.klickerz.my.id
    [buyer_phone] => 085739228005
    [additional_info] => Array
        (
        )

    [url] => https://billing.klickerz.my.id/?_route=callback/ipaymu
)


2026-03-24 20:27:06
RAW:
{"trx_id":33421942,"sid":"112","reference_id":"112","status":"expired","status_code":-2,"sub_total":"150000","total":"150000","amount":"150000","fee":"1050","paid_off":148950,"created_at":"2026-03-23 19:13:56","expired_at":"2026-03-24 19:13:56","paid_at":"","settlement_status":"unsettle","transaction_status_code":-2,"is_escrow":false,"system_notes":"","via":"qris","channel":"qris","payment_no":"","buyer_name":"FIRMAN","buyer_email":"firman@billing.klickerz.my.id","buyer_phone":"085739228005","additional_info":[],"url":"https://billing.klickerz.my.id/?_route=callback/ipaymu"}

PARSED:
Array
(
    [trx_id] => 33421942
    [sid] => 112
    [reference_id] => 112
    [status] => expired
    [status_code] => -2
    [sub_total] => 150000
    [total] => 150000
    [amount] => 150000
    [fee] => 1050
    [paid_off] => 148950
    [created_at] => 2026-03-23 19:13:56
    [expired_at] => 2026-03-24 19:13:56
    [paid_at] => 
    [settlement_status] => unsettle
    [transaction_status_code] => -2
    [is_escrow] => 
    [system_notes] => 
    [via] => qris
    [channel] => qris
    [payment_no] => 
    [buyer_name] => FIRMAN
    [buyer_email] => firman@billing.klickerz.my.id
    [buyer_phone] => 085739228005
    [additional_info] => Array
        (
        )

    [url] => https://billing.klickerz.my.id/?_route=callback/ipaymu
)


2026-03-24 22:18:03
RAW:
{"trx_id":33428361,"sid":"113","reference_id":"113","status":"expired","status_code":-2,"sub_total":"400000","total":"400000","amount":"400000","fee":"2800","paid_off":397200,"created_at":"2026-03-23 20:52:02","expired_at":"2026-03-24 20:52:02","paid_at":"","settlement_status":"unsettle","transaction_status_code":-2,"is_escrow":false,"system_notes":"","via":"qris","channel":"qris","payment_no":"","buyer_name":"ICHA","buyer_email":"icha45@klickerz.my.id","buyer_phone":"08980316848","additional_info":[],"url":"https://billing.klickerz.my.id/?_route=callback/ipaymu"}

PARSED:
Array
(
    [trx_id] => 33428361
    [sid] => 113
    [reference_id] => 113
    [status] => expired
    [status_code] => -2
    [sub_total] => 400000
    [total] => 400000
    [amount] => 400000
    [fee] => 2800
    [paid_off] => 397200
    [created_at] => 2026-03-23 20:52:02
    [expired_at] => 2026-03-24 20:52:02
    [paid_at] => 
    [settlement_status] => unsettle
    [transaction_status_code] => -2
    [is_escrow] => 
    [system_notes] => 
    [via] => qris
    [channel] => qris
    [payment_no] => 
    [buyer_name] => ICHA
    [buyer_email] => icha45@klickerz.my.id
    [buyer_phone] => 08980316848
    [additional_info] => Array
        (
        )

    [url] => https://billing.klickerz.my.id/?_route=callback/ipaymu
)


